<?xml version="1.0" encoding="UTF-8"?>
<!-- Generated by org.testng.reporters.JUnitXMLReporter -->
<testsuite ignored="0" hostname="DC5CG1033BGM" failures="1" tests="1" name="Test" time="0.05" errors="0" timestamp="05 Sep 2021 07:07:47 GMT">
  <testcase classname="com.cars.tests.LoginTest" name="As_a_user_I_can_Login_vote_Logout" time="0.017">
    <failure type="java.lang.NullPointerException" message="Cannot invoke &amp;quot;com.cars.site.Website.getsBrowserName()&amp;quot; because &amp;quot;this.website&amp;quot; is null">
      <![CDATA[java.lang.NullPointerException: Cannot invoke "com.cars.site.Website.getsBrowserName()" because "this.website" is null
	at com.cars.site.Driver.setUp(Driver.java:32)
	at com.cars.tests.LoginTest.As_a_user_I_can_Login_vote_Logout(LoginTest.java:19)
... Removed 25 stack frames]]>
    </failure>
  </testcase> <!-- As_a_user_I_can_Login_vote_Logout -->
</testsuite> <!-- Test -->
