<?xml version="1.0" encoding="UTF-8"?>
<testng-results ignored="0" total="4" passed="4" failed="0" skipped="0">
  <reporter-output>
  </reporter-output>
  <suite started-at="2021-09-06T04:09:41Z" name="Suite" finished-at="2021-09-06T04:09:55Z" duration-ms="13856">
    <groups>
    </groups>
    <test started-at="2021-09-06T04:09:41Z" name="RegisterTest" finished-at="2021-09-06T04:09:46Z" duration-ms="4565">
      <class name="com.cars.tests.RegisterTest">
        <test-method signature="As_a_new_user_I_can_register_to_buggy_rating_website()[pri:0, instance:com.cars.tests.RegisterTest@53fb3dab]" started-at="2021-09-06T16:09:41Z" name="As_a_new_user_I_can_register_to_buggy_rating_website" finished-at="2021-09-06T16:09:46Z" duration-ms="4550" status="PASS">
          <reporter-output>
          </reporter-output>
        </test-method> <!-- As_a_new_user_I_can_register_to_buggy_rating_website -->
      </class> <!-- com.cars.tests.RegisterTest -->
    </test> <!-- RegisterTest -->
    <test started-at="2021-09-06T04:09:46Z" name="LoginTest" finished-at="2021-09-06T04:09:49Z" duration-ms="3565">
      <class name="com.cars.tests.LoginTest">
        <test-method signature="As_a_user_I_can_Login_vote_Logout()[pri:0, instance:com.cars.tests.LoginTest@33bc72d1]" started-at="2021-09-06T16:09:46Z" name="As_a_user_I_can_Login_vote_Logout" finished-at="2021-09-06T16:09:49Z" duration-ms="3563" status="PASS">
          <reporter-output>
          </reporter-output>
        </test-method> <!-- As_a_user_I_can_Login_vote_Logout -->
      </class> <!-- com.cars.tests.LoginTest -->
    </test> <!-- LoginTest -->
    <test started-at="2021-09-06T04:09:49Z" name="RegisterDataDriven_NegativeTests" finished-at="2021-09-06T04:09:53Z" duration-ms="3556">
      <class name="com.cars.tests.RegisterDataDriven_NegativeTests">
        <test-method signature="As_a_tester_I_am_validating_invalid_Registeration_inputs()[pri:0, instance:com.cars.tests.RegisterDataDriven_NegativeTests@6fa51cd4]" started-at="2021-09-06T16:09:49Z" name="As_a_tester_I_am_validating_invalid_Registeration_inputs" finished-at="2021-09-06T16:09:53Z" duration-ms="3554" status="PASS">
          <reporter-output>
          </reporter-output>
        </test-method> <!-- As_a_tester_I_am_validating_invalid_Registeration_inputs -->
      </class> <!-- com.cars.tests.RegisterDataDriven_NegativeTests -->
    </test> <!-- RegisterDataDriven_NegativeTests -->
    <test started-at="2021-09-06T04:09:53Z" name="UpdateProfile" finished-at="2021-09-06T04:09:55Z" duration-ms="2091">
      <class name="com.cars.tests.UpdateProfile">
        <test-method signature="As_a_user_when_I_update_firstname_it_should_reflect_on_the_header_greeting()[pri:0, instance:com.cars.tests.UpdateProfile@1750fbeb]" started-at="2021-09-06T16:09:53Z" name="As_a_user_when_I_update_firstname_it_should_reflect_on_the_header_greeting" finished-at="2021-09-06T16:09:55Z" duration-ms="2089" status="PASS">
          <reporter-output>
          </reporter-output>
        </test-method> <!-- As_a_user_when_I_update_firstname_it_should_reflect_on_the_header_greeting -->
      </class> <!-- com.cars.tests.UpdateProfile -->
    </test> <!-- UpdateProfile -->
  </suite> <!-- Suite -->
</testng-results>
